         1.28125       -0.137263         1.73486
       0.0918799        0.761881        0.457069
        0.908786         1.19698        -0.68112
       -0.583353        0.730925        -1.23492
         1.57182        0.247442         1.07835
        0.232511       -0.272369       -0.340428
        -1.74271       -0.108489        0.285077
       -0.601412       -0.655963        -1.25104
        0.763972        -2.03093       -0.580718
      -0.0948027       -0.412332        0.855454
        -1.09206       -0.773855        0.282086
       -0.542371       -0.678648         1.65396
       -0.242494       -0.954703        0.330774
        0.429271       0.0290443         1.25022
       0.0234657         -1.4086        -1.51184
      -0.0233177         0.17412      -0.0426624
        -1.09801         1.01759       -0.708831
        0.386888         1.41565       -0.184569
       -0.602774        -1.29704         1.68786
        0.126234       -0.619406        -1.23352
        -1.35028        -1.78806       -0.459629
        0.736455        -0.59821        0.428358
         0.77239        -1.53016        0.257571
        -1.70609       -0.603436        -0.44691
        0.258545        -1.38317        0.119204
       -0.982665       -0.640808        -1.16957
       -0.406902        0.310692        0.683949
       -0.813948        0.365021       -0.776757
        0.342277      -0.0795946         1.33488
        0.981322        0.580751       -0.421921
      -0.0343534        0.555888        0.839175
         -1.1446        0.280747         1.43448
         0.45962      0.00582883        0.927776
       -0.861676        0.305277         1.05385
        0.929495       -0.466078       -0.643796
          1.6738         0.53054       -0.531748
        -1.94889       -0.668166        0.273971
        -0.31597      -0.0253122        0.138041
         1.02305        0.336328       -0.678681
       -0.147904         0.97429        -1.04257
        -1.32742        0.395645        0.336759
         -1.5457        0.480479        0.344401
       -0.124028       -0.382031       -0.490976
         1.17199        0.309596       -0.630961
       -0.462514       -0.286026         1.27409
        0.454573        0.766303        0.269049
        0.185461       -0.234206        -0.26543
       -0.386404       -0.950849        -1.04134
        0.362441        0.786662         1.50593
        -1.46938       -0.294797         1.23563
       -0.439354         1.14885       -0.742832
       -0.903341        -1.38748         1.11086
       -0.522755         1.79548        0.943766
        -0.10936        0.921867       -0.259598
        -1.02292         1.34513       -0.267696
         0.42993       -0.281091       -0.682821
        0.612399        0.833511       -0.347503
       0.0861727       -0.750013        0.504494
       -0.340982        -1.33624        0.158227
        -0.26853       -0.388225        0.356378
       -0.785439        0.764294       -0.195629
        0.520965       -0.499038         1.06477
       -0.336702        0.426968        -1.62793
        0.929174       -0.141191        0.209162
         2.53188      -0.0378751        -0.58825
         1.52124       -0.225723         1.37654
      -0.0261544        -1.04897        0.413386
        0.871842         1.03875        -1.43119
        0.735192         1.44177         0.14128
         1.24304        0.701944       -0.623385
       -0.136033        -1.57537        -1.46354
      -0.0924669        0.888911       -0.234166
        -1.17964        -1.19561       -0.794439
        0.085552       0.0342998       -0.316657
         1.98596        0.349824         1.12733
        0.295061         1.28288       -0.483932
       -0.529571         1.08536        0.331329
       -0.655461       -0.166007       -0.537401
        0.409229         0.10446         1.25785
        0.260571       -0.819652        0.986189
         -1.7687         1.51422         1.88335
        -1.57754        0.274399        0.495154
        0.364755       -0.857702       -0.010038
       0.0977389         1.45696        -0.85525
       -0.288244         1.73364       -0.258538
        0.306987       -0.300159       -0.140264
        0.147927        -1.19633       -0.670809
       -0.749382        0.761653       -0.506477
        0.819429        0.552128        0.665586
         1.50445         -0.2128        0.564451
         2.50542         1.33836        -2.61645
      -0.0122162      -0.0567089          1.4514
        0.425207       -0.819304        -1.40224
        0.507615       -0.332737       -0.831342
         1.20841        0.962065        0.560833
      -0.0964377       -0.948339        -1.55748
        -1.03778       -0.994508       -0.696163
        -2.81552       -0.937833         1.21827
        0.886732        0.338663      -0.0714184
       0.0152103        -1.21277      -0.0841594
         1.39089      -0.0287717        0.689859
        0.488108       -0.338388       0.0784724
       -0.695687         0.79013        -1.24041
       -0.721595        0.171874        -1.34602
        0.199266       -0.320245         1.09969
        0.356079        0.189041       0.0862004
       0.0271144       -0.231327        -1.36133
       -0.173174         1.11579       -0.232336
