1 0.000000e+00 0.000000e+00
2 1.000000e+00 0.000000e+00
3 1.413722e+00 2.084094e-03
4 1.730347e+00 3.211346e-03
5 2.000180e+00 3.706709e-03
6 2.233421e+00 4.486102e-03
7 2.443462e+00 4.894808e-03
8 2.639093e+00 5.672732e-03
9 2.823192e+00 6.119201e-03
10 2.992474e+00 6.772672e-03
11 3.153671e+00 7.440757e-03
12 3.309079e+00 7.465401e-03
13 3.450237e+00 7.321452e-03
14 3.597246e+00 7.509117e-03
15 3.730584e+00 7.748856e-03
16 3.861633e+00 7.702488e-03
17 3.986685e+00 7.878014e-03
18 4.111375e+00 8.162206e-03
19 4.227734e+00 9.245971e-03
20 4.345072e+00 9.986588e-03
21 4.457069e+00 1.056982e-02
22 4.564573e+00 1.091307e-02
23 4.668040e+00 1.095719e-02
24 4.776175e+00 1.104413e-02
25 4.878500e+00 1.128093e-02
26 4.978877e+00 1.191732e-02
27 5.079998e+00 1.178055e-02
28 5.175994e+00 1.153064e-02
29 5.276101e+00 1.164919e-02
30 5.369984e+00 1.157754e-02
31 5.464124e+00 1.195320e-02
32 5.551925e+00 1.160452e-02
33 5.642866e+00 1.169726e-02
34 5.735036e+00 1.165476e-02
35 5.821179e+00 1.192313e-02
36 5.908142e+00 1.179657e-02
37 5.987518e+00 1.231993e-02
38 6.075151e+00 1.276764e-02
39 6.147966e+00 1.255132e-02
40 6.226416e+00 1.277064e-02
41 6.308441e+00 1.290449e-02
42 6.387411e+00 1.324998e-02
43 6.462406e+00 1.308526e-02
44 6.544941e+00 1.356892e-02
45 6.624986e+00 1.405796e-02
46 6.695956e+00 1.469232e-02
47 6.772488e+00 1.514912e-02
48 6.849021e+00 1.505073e-02
49 6.922100e+00 1.494961e-02
50 6.994132e+00 1.467450e-02
51 7.065736e+00 1.504651e-02
52 7.138743e+00 1.534538e-02
53 7.205210e+00 1.551475e-02
54 7.278271e+00 1.596949e-02
55 7.347879e+00 1.595267e-02
56 7.412955e+00 1.633515e-02
57 7.481505e+00 1.596815e-02
58 7.541371e+00 1.619214e-02
59 7.612057e+00 1.671617e-02
60 7.672055e+00 1.664218e-02
61 7.734867e+00 1.666994e-02
62 7.801943e+00 1.686523e-02
63 7.866206e+00 1.745504e-02
64 7.927956e+00 1.754329e-02
65 7.987464e+00 1.738814e-02
66 8.052174e+00 1.732011e-02
67 8.116748e+00 1.756924e-02
68 8.177700e+00 1.807394e-02
69 8.241345e+00 1.802180e-02
70 8.296381e+00 1.859324e-02
71 8.356856e+00 1.921637e-02
72 8.413211e+00 1.966233e-02
73 8.475963e+00 2.023192e-02
74 8.536393e+00 2.065315e-02
75 8.595879e+00 2.086680e-02
76 8.650466e+00 2.131191e-02
77 8.703466e+00 2.112991e-02
78 8.759220e+00 2.100030e-02
79 8.812564e+00 2.081083e-02
80 8.868341e+00 2.086037e-02
81 8.919341e+00 2.112680e-02
82 8.974315e+00 2.102112e-02
83 9.027360e+00 2.128482e-02
84 9.085651e+00 2.107925e-02
85 9.137759e+00 2.091664e-02
86 9.189907e+00 2.106360e-02
87 9.241264e+00 2.112027e-02
88 9.293645e+00 2.108202e-02
89 9.347150e+00 2.209980e-02
90 9.399207e+00 2.238775e-02
91 9.452490e+00 2.254354e-02
92 9.509646e+00 2.250797e-02
93 9.558534e+00 2.255152e-02
94 9.605254e+00 2.230542e-02
95 9.652234e+00 2.244057e-02
96 9.696220e+00 2.251570e-02
97 9.744809e+00 2.273820e-02
98 9.793735e+00 2.244337e-02
99 9.842784e+00 2.261808e-02
100 9.887916e+00 2.293472e-02
101 9.933629e+00 2.328805e-02
