1 0.000000e+00 0.000000e+00
2 1.000000e+00 0.000000e+00
3 1.415509e+00 1.246296e-03
4 1.734062e+00 1.826481e-03
5 2.002628e+00 2.339009e-03
6 2.238170e+00 2.722102e-03
7 2.450932e+00 3.102419e-03
8 2.644571e+00 3.277547e-03
9 2.826038e+00 3.498391e-03
10 2.999403e+00 3.511481e-03
11 3.160286e+00 3.700040e-03
12 3.314517e+00 4.160811e-03
13 3.460420e+00 4.510387e-03
14 3.601410e+00 4.739792e-03
15 3.738391e+00 4.875698e-03
16 3.870634e+00 5.155541e-03
17 3.997923e+00 5.113237e-03
18 4.122704e+00 5.212107e-03
19 4.242836e+00 5.285533e-03
20 4.360315e+00 5.370556e-03
21 4.472935e+00 5.407890e-03
22 4.580859e+00 5.642278e-03
23 4.686085e+00 5.494690e-03
24 4.789491e+00 5.627298e-03
25 4.894072e+00 5.820953e-03
26 4.994706e+00 5.783917e-03
27 5.094497e+00 5.668531e-03
28 5.191051e+00 5.820964e-03
29 5.288792e+00 6.208057e-03
30 5.381203e+00 6.321575e-03
31 5.473734e+00 6.481129e-03
32 5.562639e+00 6.779374e-03
33 5.653067e+00 7.042662e-03
34 5.740443e+00 7.197914e-03
35 5.827899e+00 7.128703e-03
36 5.909211e+00 7.212181e-03
37 5.993401e+00 7.191535e-03
38 6.073862e+00 7.206874e-03
39 6.155175e+00 7.736612e-03
40 6.239158e+00 7.985525e-03
41 6.318352e+00 8.055066e-03
42 6.395412e+00 8.277473e-03
43 6.473883e+00 8.104947e-03
44 6.545482e+00 7.929485e-03
45 6.619947e+00 7.954338e-03
46 6.697122e+00 8.013973e-03
47 6.771864e+00 8.109918e-03
48 6.844228e+00 8.205389e-03
49 6.915321e+00 8.607909e-03
50 6.989095e+00 8.719430e-03
51 7.060008e+00 8.900664e-03
52 7.126711e+00 8.615638e-03
53 7.197126e+00 8.512565e-03
54 7.266172e+00 8.669049e-03
55 7.336683e+00 8.786826e-03
56 7.403361e+00 8.821265e-03
57 7.470108e+00 8.979972e-03
58 7.538687e+00 9.275086e-03
59 7.601726e+00 9.440579e-03
60 7.666146e+00 9.495840e-03
61 7.731899e+00 9.521094e-03
62 7.795580e+00 9.583652e-03
63 7.859505e+00 9.917243e-03
64 7.922503e+00 9.625654e-03
65 7.983611e+00 9.709771e-03
66 8.045845e+00 9.887832e-03
67 8.106646e+00 1.006459e-02
68 8.163982e+00 9.782181e-03
69 8.222850e+00 1.013665e-02
70 8.283534e+00 1.027726e-02
71 8.346704e+00 1.033723e-02
72 8.406544e+00 1.069011e-02
73 8.462236e+00 1.082846e-02
74 8.520549e+00 1.124146e-02
75 8.581390e+00 1.143763e-02
76 8.641222e+00 1.162734e-02
77 8.696092e+00 1.175857e-02
78 8.748991e+00 1.175718e-02
79 8.802192e+00 1.188077e-02
80 8.859085e+00 1.174186e-02
81 8.915419e+00 1.141778e-02
82 8.972263e+00 1.128793e-02
83 9.029106e+00 1.137611e-02
84 9.084595e+00 1.157744e-02
85 9.138751e+00 1.177037e-02
86 9.194329e+00 1.203425e-02
87 9.245332e+00 1.229106e-02
88 9.298895e+00 1.233618e-02
89 9.350538e+00 1.252859e-02
90 9.404737e+00 1.230703e-02
91 9.457314e+00 1.241186e-02
92 9.509945e+00 1.272611e-02
93 9.566660e+00 1.267732e-02
94 9.618218e+00 1.264357e-02
95 9.670967e+00 1.285997e-02
96 9.720601e+00 1.278191e-02
97 9.771802e+00 1.283238e-02
98 9.824895e+00 1.289776e-02
99 9.874602e+00 1.297724e-02
100 9.927083e+00 1.315265e-02
101 9.977633e+00 1.335580e-02
