        -1.57308        -1.02489       -0.250858
       -0.653457       -0.145225        -0.76159
        -1.89116       -0.997947       -0.535731
       -0.381899       -0.514939        0.202727
       -0.552985        -1.35184        -1.43226
         1.88103        0.238127      -0.0891262
        0.860573        -1.90756        0.961958
       -0.708834         1.12815       0.0557142
         1.02732         1.25638       -0.759405
         0.18981        0.082016       -0.998799
        0.605203         1.35031       -0.297273
       -0.296882       -0.741882       -0.370664
       -0.110812         1.17805         1.33238
        -0.93395         1.99751       0.0487565
         1.36343       -0.450067       -0.838565
       -0.111146        -1.17188       -0.296786
        0.264899       -0.968019        -1.46851
       -0.763951       -0.193717         1.61364
          1.4369       -0.230674          1.0801
       -0.162232       -0.469927       -0.300884
        -1.80156         0.45024         0.47413
        0.501501         2.45716       -0.352424
    -0.000728255       -0.681597       -0.504109
        -2.29199         1.26128        0.224494
          1.4629        0.626054         1.52451
         1.84347       -0.642151        0.404488
         1.30358        -1.15896        0.177716
       -0.148812        -1.27207         1.01166
       -0.867767       -0.443211         1.99624
       -0.904439       -0.833176        0.290873
       -0.558777         1.08363          1.3267
        -1.15466       -0.524772         -0.9344
        0.227812        0.905618        0.548603
        -0.21382       0.0967884       -0.145922
       -0.434264         4.06932        0.365493
        0.367714       -0.333823       -0.673431
        -1.56931        -0.44113         1.57093
       -0.107927        0.117533         1.80001
        -1.86048        -1.17251        -0.48609
         0.79242        0.883995        -1.25332
        0.776603        0.325113       -0.752027
         1.90213         1.39253        0.770577
        0.874131          1.7489         2.13654
        0.848056      -0.0906041        0.168864
        0.524539         1.31733        0.712122
         1.33136         0.63968        0.403835
        0.294714        0.926369        0.538963
       -0.644605        0.390157        0.462531
       -0.216793        0.222982         1.43099
        -1.75567        0.238464       -0.741762
        0.382617        0.770628        0.838859
         1.41716          1.1691       -0.358164
       -0.339327       -0.251142       -0.517287
       -0.351779          1.4308         1.46592
        -1.86375         0.31729       0.0350757
       -0.113828       -0.283474       0.0739698
         1.07761       -0.813554        0.631371
       -0.666714       -0.721422        -1.43844
       0.0763986       -0.864157         2.49461
        0.646878        -1.14449         1.29706
        0.964401     -0.00948245        -2.42789
       -0.562264       -0.835175        0.266137
        0.149623         1.67609         1.52394
       -0.945545        -0.77809        -2.83451
         0.78831        0.328203        -1.98765
        -1.99416        0.661614      0.00907328
         1.38327         -1.3187       -0.409649
      -0.0398614        -1.51847       -0.994705
         1.02007        0.883003      -0.0848518
        -1.42616        0.127381        0.425041
       0.0741357        -2.55444        0.501418
         1.53027        0.494435        0.338171
        -1.96227        0.644099       -0.310038
        0.100244        -1.99246        -1.86706
       -0.806532        0.230105        -1.15489
        0.776004        -2.22572        -0.76979
        -1.32778        -1.78185        -1.09386
       -0.421719        0.926643         1.86587
       -0.266007       -0.852726       -0.990569
         1.12402       -0.139768        -2.48356
        -1.15882        -1.28352       -0.872996
       -0.110247         0.93863        -1.02896
         -0.8077         0.49398        0.389172
       -0.199287         -1.4983        -1.36658
         0.74645       -0.923939         -1.0776
       -0.147443        0.254217        -0.77546
         1.29804         1.20669        0.296378
      -0.0431099        0.144367         1.71673
       -0.561612       -0.631086        -0.77296
        0.790408        -1.46197         1.42094
       0.0583191         0.61163         1.42435
       -0.103229         1.07783         -2.3176
        0.577195       0.0167593         1.20733
       -0.815182       -0.258002        -1.00228
       -0.536219         1.28756        -2.14075
         1.14925         0.42765         2.73733
      -0.0158326        0.184946        -0.23596
          1.6162       0.0326828       -0.275515
        0.214755       -0.242826        0.925423
         2.18362         1.30242        0.222757
       -0.793362        0.685764        -1.42701
         0.55541         1.32893        0.132314
        -1.92245        -0.32559       -0.619995
         1.91617         -1.7685         1.28774
        -0.12373       -0.951473        0.676462
       -0.168826       -0.471524        0.448415
        0.812789       -0.576715        0.291619
       -0.842989        0.203995       -0.698501
