         1.37572       0.0827405        0.161663
        0.124804        -1.15669        -1.52551
       -0.377579       -0.441256         -1.0929
       -0.716112        0.311667        0.886952
        -1.34981       -0.381069        0.212944
         1.08244       -0.330512        0.447233
         1.84355       0.0931228       -0.151201
        0.762468        0.361653         1.74451
       -0.586567       -0.306714       -0.351329
         -1.7891         1.94564        0.793444
        0.748168         2.07984         1.02963
         1.94903         2.09509        -1.57198
       -0.870512          1.2417        -1.49096
         1.24367          1.5796        0.596752
         1.08397      -0.0352928     -0.00820639
        -1.36618        -1.85772        -1.99737
       -0.146306        -1.88297        0.814668
        -0.86665        0.686795        0.427527
       -0.436088        -1.53656        0.168034
      0.00213934        -2.88814        0.170382
      -0.0606991       -0.822184       -0.851023
        -1.48136        -1.56271       -0.232874
        0.624769        -0.85481        -1.50001
       -0.174996         1.36476        -2.08571
          1.0285        0.921122       -0.297605
       -0.275368       -0.741264          2.4114
        -1.04374       0.0190408        -2.74446
         -3.3597         1.43114        0.297284
         2.50031        0.694821       0.0056683
        0.655225        -1.20745        -1.38083
        -1.95882       -0.502172         1.21047
        0.265461       -0.240365        0.813552
        0.734732         1.21959         0.70716
       -0.238368         2.18777         1.04914
         1.35989         2.41835        0.850324
       0.0358627        0.847172         1.01559
        0.624426        -1.06119        -0.20707
       -0.774971       -0.111913        0.781967
         0.52796       -0.231722       -0.286201
         1.71779       -0.749321         1.01203
       -0.539244        -1.60027        -1.23371
       -0.398549        -2.21006        -1.25917
      -0.0136539         1.36238        0.741102
        0.662522         1.06484        0.181352
       -0.446155        -1.55904       -0.492098
        0.584435       -0.557905        -2.00071
       -0.494517       -0.313092        0.613051
       -0.710591         2.07371         1.32294
        0.520806        0.358932       -0.113936
       -0.216072        -1.24534        -2.75691
       -0.512147        0.163236        -1.11753
       0.0919027       -0.704419      0.00220943
         1.59817         1.72986       -0.434237
       -0.337834        -1.68384         1.46525
        0.738196         1.23455       -0.561832
        -1.46706         1.11842        0.698124
         1.37022      -0.0584488        -1.33997
        0.164317        0.452407         1.14876
        -1.59398        0.362956        -0.95332
       0.0281739         1.17955         -1.9694
       -0.423921        -2.48804        0.167437
       -0.705155       -0.499988         1.93288
         1.04181        0.354431        -1.64272
         1.79888         -1.3076       -0.298685
          1.4389        0.892368         0.36944
       -0.974409         -0.4787       -0.084025
        -0.75462       -0.756491        0.107208
         1.04654        -1.78389      -0.0743188
        0.715349        -1.41289        0.386164
          0.5461       -0.211249       -0.743312
        -1.85357       -0.525634        0.602965
      -0.0761921         0.45844       -0.112954
         1.68698        -1.05619        0.873426
        0.305591       0.0710904        -1.45693
       -0.854706        0.366717        -1.28711
       -0.383528       -0.269378       -0.317497
       -0.374731        0.600433       -0.363182
         1.07976        -0.96394       -0.225334
        -0.72029        0.789182       -0.243853
       -0.739867        -1.17657         1.45092
       -0.837789          2.1419         0.20813
          1.1139        0.280767       -0.630438
        -1.57845        0.592594        0.988238
        -0.16984        -0.86042         2.57042
         1.15364       -0.328906         -1.0237
        0.761774        0.718514        0.315436
      -0.0449388        0.183473        -1.03636
        -1.40673         0.11255       -0.501017
         1.35875        -1.71014       -0.178774
        0.140217         1.87108         1.11592
        0.101653       -0.779766       -0.325277
        0.990046        0.415884         1.38237
        -1.14019        -1.20261        0.094719
       -0.379078       -0.939866      -0.0283898
       -0.254956        0.721798        0.375156
       -0.142236        -0.13996       -0.606943
        0.572382       -0.067757         1.30749
        -1.79389         2.03303        0.484591
         1.06743        0.865572         1.47441
        -2.99151        0.254756       0.0612105
        -1.01133          1.3269       -0.396253
       -0.501406       -0.322327      -0.0378253
         1.07494       -0.307633      -0.0311923
        0.725394       -0.564404       -0.365006
       -0.914606         1.25483       0.0732303
       -0.688172        0.915036        0.942221
        0.795902        0.354848        0.708989
        0.753302        -1.26989          2.2451
