1.541569e+01 0.000000e+00
1.527009e+01 1.455986e-01
1.493375e+01 3.466892e-01
1.516106e+01 3.343188e-01
1.508172e+01 2.708451e-01
1.502140e+01 2.292211e-01
1.503920e+01 1.945425e-01
1.497571e+01 1.800442e-01
1.495029e+01 1.608063e-01
1.492222e+01 1.465425e-01
1.494977e+01 1.353865e-01
1.491259e+01 1.290626e-01
1.493401e+01 1.206366e-01
1.498336e+01 1.221076e-01
1.498638e+01 1.137161e-01
1.501947e+01 1.113979e-01
1.501044e+01 1.050291e-01
1.497838e+01 1.040831e-01
1.499895e+01 1.005788e-01
1.500181e+01 9.546045e-02
1.498542e+01 9.226917e-02
1.502585e+01 9.682116e-02
1.499203e+01 9.850243e-02
1.498061e+01 9.499769e-02
1.495754e+01 9.399391e-02
1.496189e+01 9.041111e-02
1.495305e+01 8.744602e-02
1.494812e+01 8.440939e-02
1.494809e+01 8.144673e-02
1.494754e+01 7.868694e-02
1.493880e+01 7.660665e-02
1.495192e+01 7.532656e-02
1.496148e+01 7.363048e-02
1.496686e+01 7.163434e-02
1.496401e+01 6.961580e-02
1.499884e+01 7.609461e-02
1.501337e+01 7.542251e-02
1.501098e+01 7.344965e-02
1.501466e+01 7.163615e-02
1.501619e+01 6.983893e-02
1.501143e+01 6.828064e-02
1.500632e+01 6.683068e-02
1.499371e+01 6.646525e-02
1.498165e+01 6.604746e-02
1.498099e+01 6.456641e-02
1.497353e+01 6.358652e-02
1.497569e+01 6.225649e-02
1.498910e+01 6.240388e-02
1.500259e+01 6.258896e-02
1.499141e+01 6.233677e-02
1.499647e+01 6.131175e-02
1.500473e+01 6.068650e-02
1.501654e+01 6.068918e-02
1.499689e+01 6.271236e-02
1.501420e+01 6.394924e-02
1.501213e+01 6.283109e-02
1.502059e+01 6.229721e-02
1.501657e+01 6.134570e-02
1.501402e+01 6.035087e-02
1.501681e+01 5.940204e-02
1.501383e+01 5.849621e-02
1.502965e+01 5.968071e-02
1.501981e+01 5.954538e-02
1.501770e+01 5.864538e-02
1.501383e+01 5.786589e-02
1.501966e+01 5.727997e-02
1.502907e+01 5.719808e-02
1.502929e+01 5.635107e-02
1.504730e+01 5.837778e-02
1.504766e+01 5.753889e-02
1.504494e+01 5.678788e-02
1.505504e+01 5.689782e-02
1.506204e+01 5.654749e-02
1.506868e+01 5.617234e-02
1.507051e+01 5.544833e-02
1.506122e+01 5.549719e-02
1.505727e+01 5.491394e-02
1.505493e+01 5.425593e-02
1.504962e+01 5.382658e-02
1.505063e+01 5.315911e-02
1.503265e+01 5.549349e-02
1.503313e+01 5.481467e-02
1.503150e+01 5.417468e-02
1.502794e+01 5.364448e-02
1.502926e+01 5.302603e-02
1.503171e+01 5.246312e-02
1.503763e+01 5.219324e-02
1.503706e+01 5.159988e-02
1.503873e+01 5.104435e-02
1.503795e+01 5.048008e-02
1.502961e+01 5.061381e-02
1.502666e+01 5.014771e-02
1.502957e+01 4.969123e-02
1.502897e+01 4.916346e-02
1.502544e+01 4.877084e-02
1.502816e+01 4.833664e-02
1.503062e+01 4.789885e-02
1.502828e+01 4.746544e-02
1.502716e+01 4.699684e-02
1.503217e+01 4.679375e-02
