5.482221e+00 0.000000e+00
5.577104e+00 9.488290e-02
5.542367e+00 6.486574e-02
5.532652e+00 4.688469e-02
5.546635e+00 3.891565e-02
5.505381e+00 5.207200e-02
5.430695e+00 8.668806e-02
5.463014e+00 8.173509e-02
5.500889e+00 8.142855e-02
5.491424e+00 7.344433e-02
5.479027e+00 6.757977e-02
5.504243e+00 6.664604e-02
5.495266e+00 6.195917e-02
5.478878e+00 5.965798e-02
5.477784e+00 5.554934e-02
5.488389e+00 5.303278e-02
5.480189e+00 5.048595e-02
5.482213e+00 4.764160e-02
5.475925e+00 4.550092e-02
5.469232e+00 4.368179e-02
5.460925e+00 4.237198e-02
5.457326e+00 4.056007e-02
5.476620e+00 4.329342e-02
5.478604e+00 4.149775e-02
5.474590e+00 4.000512e-02
5.467293e+00 3.912229e-02
5.470093e+00 3.774945e-02
5.478299e+00 3.729041e-02
5.476139e+00 3.604637e-02
5.469589e+00 3.543467e-02
5.468643e+00 3.428561e-02
5.462298e+00 3.379781e-02
5.463139e+00 3.276842e-02
5.461887e+00 3.181469e-02
5.454840e+00 3.168593e-02
5.450231e+00 3.113620e-02
5.445606e+00 3.063413e-02
5.435118e+00 3.160771e-02
5.428690e+00 3.145057e-02
5.433560e+00 3.103867e-02
5.437808e+00 3.056882e-02
5.442302e+00 3.016875e-02
5.442930e+00 2.946549e-02
5.440545e+00 2.888665e-02
5.442267e+00 2.828987e-02
5.450954e+00 2.899960e-02
5.448717e+00 2.846387e-02
5.440695e+00 2.899634e-02
5.440447e+00 2.839950e-02
5.449819e+00 2.936149e-02
5.449949e+00 2.878031e-02
5.450062e+00 2.822164e-02
5.444054e+00 2.832848e-02
5.453867e+00 2.948016e-02
5.449449e+00 2.927449e-02
5.446007e+00 2.895224e-02
5.441905e+00 2.873407e-02
5.440976e+00 2.824959e-02
5.440300e+00 2.777490e-02
5.445472e+00 2.779349e-02
5.447298e+00 2.739502e-02
5.445813e+00 2.699043e-02
5.449144e+00 2.676664e-02
5.450668e+00 2.638910e-02
5.450030e+00 2.598778e-02
5.450825e+00 2.560333e-02
5.455107e+00 2.557934e-02
5.455826e+00 2.521063e-02
5.456708e+00 2.485822e-02
5.457314e+00 2.450803e-02
5.455562e+00 2.422387e-02
5.453388e+00 2.398375e-02
5.448679e+00 2.411718e-02
5.444404e+00 2.417002e-02
5.443240e+00 2.387397e-02
5.446100e+00 2.373075e-02
5.448617e+00 2.355537e-02
5.453221e+00 2.370274e-02
5.453916e+00 2.341111e-02
5.452338e+00 2.317040e-02
5.456195e+00 2.320525e-02
5.457310e+00 2.294764e-02
5.458169e+00 2.268573e-02
5.456578e+00 2.247044e-02
5.454528e+00 2.229892e-02
5.451481e+00 2.224768e-02
5.449295e+00 2.209887e-02
5.449165e+00 2.184669e-02
5.450469e+00 2.163915e-02
5.448620e+00 2.147711e-02
5.450208e+00 2.129905e-02
5.453176e+00 2.127429e-02
5.455228e+00 2.114409e-02
5.456037e+00 2.093360e-02
5.460015e+00 2.109055e-02
5.465227e+00 2.151086e-02
5.464992e+00 2.128925e-02
5.469476e+00 2.154268e-02
5.469786e+00 2.132622e-02
5.468841e+00 2.113301e-02
