1.505943e+01 0.000000e+00
1.474608e+01 3.133521e-01
1.500872e+01 3.189245e-01
1.505314e+01 2.298470e-01
1.497766e+01 1.933782e-01
1.491443e+01 1.700848e-01
1.485541e+01 1.553897e-01
1.494409e+01 1.611612e-01
1.507024e+01 1.900357e-01
1.499535e+01 1.857381e-01
1.503325e+01 1.722290e-01
1.501712e+01 1.580482e-01
1.501344e+01 1.454298e-01
1.501365e+01 1.346420e-01
1.501869e+01 1.254462e-01
1.502753e+01 1.176766e-01
1.504520e+01 1.119420e-01
1.501186e+01 1.106797e-01
1.499167e+01 1.066221e-01
1.495650e+01 1.070919e-01
1.495169e+01 1.019780e-01
1.493880e+01 9.808274e-02
1.493730e+01 9.373341e-02
1.492957e+01 9.007476e-02
1.495941e+01 9.140460e-02
1.496216e+01 8.786152e-02
1.492490e+01 9.238807e-02
1.493749e+01 8.991255e-02
1.493750e+01 8.675673e-02
1.491980e+01 8.566374e-02
1.491702e+01 8.290078e-02
1.492302e+01 8.049176e-02
1.492248e+01 7.801631e-02
1.491179e+01 7.643865e-02
1.491527e+01 7.430394e-02
1.491928e+01 7.232186e-02
1.493878e+01 7.299247e-02
1.493858e+01 7.104592e-02
1.496105e+01 7.275543e-02
1.494561e+01 7.257463e-02
1.494403e+01 7.080013e-02
1.494590e+01 6.911932e-02
1.494370e+01 6.752854e-02
1.495177e+01 6.646739e-02
1.495171e+01 6.497357e-02
1.492945e+01 6.733418e-02
1.492320e+01 6.618090e-02
1.493795e+01 6.644475e-02
1.493080e+01 6.546683e-02
1.492445e+01 6.445732e-02
1.489886e+01 6.816756e-02
1.489631e+01 6.689232e-02
1.489553e+01 6.562265e-02
1.490312e+01 6.484134e-02
1.490253e+01 6.365426e-02
1.490133e+01 6.251864e-02
1.489528e+01 6.171006e-02
1.488291e+01 6.188585e-02
1.488737e+01 6.099187e-02
1.489654e+01 6.066332e-02
1.489632e+01 5.966096e-02
1.490263e+01 5.902878e-02
1.489452e+01 5.864836e-02
1.490493e+01 5.865582e-02
1.491385e+01 5.843158e-02
1.490864e+01 5.777431e-02
1.490798e+01 5.690940e-02
1.491227e+01 5.623038e-02
1.491277e+01 5.541169e-02
1.491698e+01 5.477710e-02
1.492927e+01 5.538073e-02
1.492862e+01 5.461011e-02
1.492968e+01 5.386733e-02
1.493220e+01 5.319395e-02
1.494282e+01 5.354564e-02
1.495188e+01 5.360614e-02
1.495390e+01 5.294414e-02
1.494421e+01 5.315156e-02
1.493901e+01 5.273221e-02
1.493186e+01 5.255742e-02
1.493761e+01 5.222199e-02
1.494551e+01 5.218399e-02
1.495256e+01 5.203045e-02
1.495378e+01 5.142182e-02
1.495297e+01 5.081969e-02
1.494877e+01 5.040063e-02
1.494432e+01 5.001603e-02
1.494514e+01 4.945121e-02
1.495200e+01 4.937101e-02
1.495386e+01 4.885473e-02
1.496173e+01 4.895150e-02
1.495962e+01 4.846237e-02
1.495250e+01 4.846495e-02
1.495743e+01 4.819976e-02
1.495835e+01 4.769847e-02
1.496030e+01 4.723965e-02
1.495493e+01 4.705757e-02
1.494749e+01 4.716607e-02
1.494837e+01 4.669549e-02
1.495097e+01 4.629917e-02
