5.272055e+00 0.000000e+00
5.358653e+00 8.659821e-02
5.338529e+00 5.389553e-02
5.311889e+00 4.649794e-02
5.329565e+00 4.012085e-02
5.348485e+00 3.782992e-02
5.384491e+00 4.815216e-02
5.359917e+00 4.840314e-02
5.356776e+00 4.280293e-02
5.378985e+00 4.425964e-02
5.389315e+00 4.134553e-02
5.384831e+00 3.800855e-02
5.376557e+00 3.592841e-02
5.383185e+00 3.391708e-02
5.391559e+00 3.266670e-02
5.384380e+00 3.138899e-02
5.392238e+00 3.051406e-02
5.390863e+00 2.880175e-02
5.393731e+00 2.739420e-02
5.417937e+00 3.551503e-02
5.415323e+00 3.388248e-02
5.413851e+00 3.233920e-02
5.424788e+00 3.277952e-02
5.428396e+00 3.159076e-02
5.420071e+00 3.142363e-02
5.418763e+00 3.021919e-02
5.417118e+00 2.912490e-02
5.417438e+00 2.806729e-02
5.420956e+00 2.730967e-02
5.429007e+00 2.758483e-02
5.421979e+00 2.759044e-02
5.420212e+00 2.677269e-02
5.423367e+00 2.613983e-02
5.429036e+00 2.598520e-02
5.425197e+00 2.552224e-02
5.416872e+00 2.616297e-02
5.423032e+00 2.618119e-02
5.428700e+00 2.610548e-02
5.430660e+00 2.550276e-02
5.438576e+00 2.608691e-02
5.445375e+00 2.633562e-02
5.440091e+00 2.623852e-02
5.435039e+00 2.611435e-02
5.428771e+00 2.627270e-02
5.435848e+00 2.663951e-02
5.448997e+00 2.918414e-02
5.443707e+00 2.904233e-02
5.441172e+00 2.854363e-02
5.440983e+00 2.795568e-02
5.438497e+00 2.750338e-02
5.449550e+00 2.913662e-02
5.451661e+00 2.864864e-02
5.449060e+00 2.822299e-02
5.447418e+00 2.774402e-02
5.448992e+00 2.728032e-02
5.448969e+00 2.678875e-02
5.443295e+00 2.691915e-02
5.450141e+00 2.732253e-02
5.447444e+00 2.699060e-02
5.444969e+00 2.665207e-02
5.445414e+00 2.621530e-02
5.444909e+00 2.579396e-02
5.450120e+00 2.591077e-02
5.445657e+00 2.589042e-02
5.440986e+00 2.591346e-02
5.442289e+00 2.555110e-02
5.444383e+00 2.525377e-02
5.450343e+00 2.558344e-02
5.454632e+00 2.557234e-02
5.454069e+00 2.521068e-02
5.451762e+00 2.495987e-02
5.451004e+00 2.462245e-02
5.450004e+00 2.430340e-02
5.448514e+00 2.401894e-02
5.446208e+00 2.380844e-02
5.448289e+00 2.358505e-02
5.445783e+00 2.341129e-02
5.446724e+00 2.312836e-02
5.449027e+00 2.294957e-02
5.449991e+00 2.268138e-02
5.445666e+00 2.281348e-02
5.445861e+00 2.253439e-02
5.445048e+00 2.227606e-02
5.444263e+00 2.202328e-02
5.444077e+00 2.176344e-02
5.447580e+00 2.179229e-02
5.447842e+00 2.154194e-02
5.446548e+00 2.133505e-02
5.445737e+00 2.110953e-02
5.445052e+00 2.088491e-02
5.441467e+00 2.096292e-02
5.442802e+00 2.077674e-02
5.446074e+00 2.081096e-02
5.446057e+00 2.058838e-02
5.448930e+00 2.057214e-02
5.454116e+00 2.100697e-02
5.456419e+00 2.091646e-02
5.455847e+00 2.070983e-02
5.459022e+00 2.074396e-02
5.458983e+00 2.053551e-02
