       -0.186384       -0.305471        0.490582
       0.0770043         1.66848        0.310692
        0.731543        0.788218         1.25874
         1.15725       -0.529097       -0.557164
       -0.226424         1.32476       -0.542018
          2.2182         0.82149        -1.23932
       -0.283673         1.83004        -1.18928
        0.286858        -1.23833        -1.44716
        0.332284        -1.21952        0.354776
          1.5527        -1.02948         1.34963
        -2.98063      -0.0662548      -0.0230008
        0.556555        0.350115         1.94201
       -0.361535       -0.955193        0.764429
        -1.24984         3.52124         1.16665
       -0.642469         1.68949         0.97012
        0.891031        0.244356        0.253104
         1.32796        0.182411        0.110394
       -0.640286       -0.104851        -1.13557
        0.369442         0.38002         -1.1282
        -1.51908        -0.59552       0.0025797
        0.757108        -1.16104        0.108351
        0.408017       -0.245146      -0.0330144
         1.52335         0.15483        0.533781
        0.129498        -2.55682         1.10563
       -0.450532        -1.57677         2.01131
         1.18341        0.273668        0.759665
       -0.635193         1.16059       0.0639032
       -0.125228        -1.27939     -0.00696205
         1.83932         1.25034         1.09531
       0.0992111        0.939837        -2.66743
       -0.208251       -0.663003         1.34191
       -0.951847         1.11014       -0.872129
        0.104845       -0.397307        -0.83448
       -0.270922         1.04154         1.66305
         1.07873         2.04915        -1.30788
        0.111675       -0.105543        -1.57511
        -1.23124         1.14231        0.269917
      0.00511158       -0.422892         1.03708
        -1.07233         1.01814        -1.01586
        -1.79172        0.458716         -1.1095
        0.561149       -0.586944        0.410004
        0.309725        0.170722      -0.0312263
       -0.922346        -1.35903        0.595584
         1.33733        0.833983        0.817246
        0.853142       -0.672575       0.0831515
        -1.28179       0.0975809       -0.833799
       -0.369151         -2.4259      -0.0956583
        0.517723      -0.0826631         2.40644
        -1.31287       -0.923732         1.24137
        -1.12243       0.0461633       -0.957497
        -1.33108       -0.506725       0.0280102
       -0.490082         2.33995         1.85293
         -1.9302        0.109383       0.0492913
          2.0582        0.866031        -1.48496
        -1.47751         2.11308       -0.354928
        -1.40603      -0.0817589         1.26883
         2.47718        -1.81091        -0.53222
        0.332499         0.88447        0.578556
       0.0808015        0.966372       -0.274219
        0.892476         -1.7483       -0.667114
        -1.05024       -0.581152      -0.0983804
         1.22444       -0.381262       -0.247333
        0.169833        0.197681        -1.18383
       -0.808853        -1.69741        -1.01584
        0.937981        -1.30738        0.866269
        0.428158         -1.9449       -0.818359
       -0.246748       -0.968832         -1.0979
         -1.0461      -0.0478285        -0.80417
        0.460715       -0.672746        -1.52818
       -0.568853        0.896182      -0.0920031
         1.12099        0.705115        0.123966
        0.330462        -1.75387       -0.144305
       -0.589906        0.599766         1.50196
         1.02257       -0.701192       -0.294136
       -0.547908        0.338334        -1.92275
       -0.233378       -0.390605      -0.0152766
        0.243751           1.254        -1.77738
        -2.28013         1.16361        0.268506
        0.609414         1.27998       -0.211732
       -0.841806         -1.3804       -0.289816
         0.76002        -1.16647        -2.09175
         1.24073         1.65822        0.516116
       -0.484424        0.837887       -0.551892
         1.31267       -0.607396        -1.39972
        0.360181      -0.0401823         1.38607
        -2.25005       -0.662531       -0.998401
        0.369628         1.01279         2.51018
        0.502635       -0.169996        0.512887
       -0.296084       -0.238057        -0.15681
        -1.61951        -2.03191        0.837429
       0.0682393       -0.792339        0.826244
        0.927858        0.588773        -2.66549
         -1.1449        0.676883         0.83029
         1.20364       -0.723651        -1.12825
        -1.67094         1.32506        -1.12537
         -1.0636          1.1205        0.394923
         1.48646       -0.521996         1.87249
        -1.01327         0.40308         2.20144
        0.734856      -0.0310879         1.04567
       -0.757835        -1.23775        0.819917
        0.951669           2.067        0.234505
        0.403269        0.389807        0.795625
        0.074128       -0.516848        0.467027
          0.7676      -0.0812128       -0.148916
        -1.98763       -0.384308        0.729298
         1.86145       -0.585281        -1.08217
         0.39376       -0.720892       -0.456878
        0.844862        -1.35267        -1.77307
