        0.842409       -0.433288      -0.0839477
         1.11373         1.13574        0.216232
       -0.966472        0.685812        0.100023
        0.824946       -0.146803       0.0647228
         0.82146        -1.36248        -1.21389
        0.453141        0.220203        0.577761
         1.12325         1.12959       -0.333583
        0.461064        0.148372       -0.375742
       0.0877027        -1.14405       -0.133803
       -0.743131         0.46182        0.579383
       -0.671175        0.619438         1.68138
         1.55425        0.753969       -0.240825
        0.689691        -0.62491     -0.00832957
        -1.12926        0.660215        0.222984
       -0.572346         0.27629       -0.462379
         0.28262         1.08063        0.105384
        0.744762       0.0188307       -0.563751
        0.869944        -2.05333        0.324565
        0.038475        0.348021        -1.03972
        0.400271        -0.77112        0.150971
        0.196836        -1.51435       -0.068677
         1.14335        -1.31412         2.21555
        0.627052       -0.868281        0.439252
       -0.786219         1.53793       -0.565389
        0.843181      -0.0887211        0.311662
       -0.398317        0.516893        -1.02614
       -0.503352         2.10128        0.130618
         1.16672        0.972834       -0.843468
        -0.10818       -0.971401       -0.382929
        -1.04795        0.148297       -0.269864
        -0.40902      0.00144912         1.05517
         1.19348       -0.165312       -0.810031
         1.56893       -0.454967       -0.216267
       -0.607675        0.200259      -0.0601079
       -0.294072         1.45247        0.393142
        -1.19422      0.00714189       -0.699768
     -0.00754171         -1.7629        0.448845
       0.0377185        0.268385        0.707702
        -3.13995       -0.115529       -0.476863
         0.73587       -0.818545        0.359283
       -0.161023        -0.94592        -1.10495
        -1.05162         2.29052         1.31493
         1.53168         1.70223        0.530074
       -0.663427        0.260813        0.435588
        0.461389       0.0596841        0.162681
        -1.85699       -0.632671         1.01434
        0.282206         1.10514       -0.984944
        0.850623         1.30608        0.139237
        -0.15188        0.197636       -0.299552
       -0.210863        -1.21349        -1.60159
        -1.13479       -0.138546         1.27612
         1.20972        -1.42183        0.549821
        -1.81727        -1.11344       -0.456921
       0.0782273         0.77199         0.35655
       -0.784615       -0.145292        0.302963
        0.516154        0.468142         1.24728
        0.337699        0.508299       -0.942008
         1.97383         1.43246        -0.47363
        -1.86561         0.38921        -1.00606
       -0.350029       -0.784264         1.38607
        0.371715         -1.0348       -0.367387
          1.6717        0.488393        0.788744
        0.807682        -1.46534       -0.137977
         0.39166      -0.0841353        -1.18761
       -0.823209       -0.570588        -1.07373
         1.16881        -1.36704       -0.275187
        0.228886       -0.192348       -0.395126
        0.284289         1.16291         1.00571
         0.38789       -0.319802        0.142499
        0.266318       -0.270029       -0.144202
        0.237339         -2.0302       -0.207121
        -1.03103        0.952312         0.90074
        0.274796        -1.16904         2.06384
       -0.761463         1.17117         -0.5702
         0.21663        0.316511        0.754518
       -0.908335        0.163193        0.167478
       -0.293663       -0.420857      -0.0416402
        0.753512         0.82224        0.417163
       -0.947355         1.30804        0.318588
       -0.973499       -0.986031         0.18967
        0.749982        -1.38807        0.244058
     -0.00503496        -0.37586       -0.262138
        0.600882        0.139023        0.569684
        0.170516        0.775992       -0.690865
         1.12651       -0.230668        0.328127
        0.220757          -1.119        -0.55986
       -0.541848         1.70772        -1.12956
       -0.151539        0.384339        -1.12564
        -1.10375        0.278087        -0.97363
       -0.560286        0.207215        -0.68838
      -0.0922802        -1.03524         1.49674
       0.0259143        0.267869        -2.47435
         -1.5134       -0.493382       -0.384502
         1.21031        -1.48849          1.3809
       -0.292669        0.815813         1.17983
        0.151851       -0.657332        0.192315
        0.142465       -0.509522        0.350346
         -1.5417         1.03736       -0.189528
        0.172276       0.0846639       -0.014681
       -0.799768       -0.520964        -1.64365
         -1.9442        0.154724       -0.545109
        0.755697        0.413683        0.625687
       -0.898586        0.867774       -0.810086
        0.752304        0.237895        0.598836
       -0.206218      -0.0420797      -0.0587822
      -0.0965691       -0.162658         0.73937
       -0.896234        0.604936      -0.0579674
        0.806579       -0.660891       -0.501076
