       -0.501763        -3.20823        -0.95162
       -0.820609      -0.0530984        -1.14834
       -0.706304        -1.22806       -0.921455
        0.824243        0.184447        0.645927
         2.68222       -0.781924        0.296247
        0.231733        0.621425         1.25056
        -1.92278       -0.170648        -1.97366
       0.0493659       -0.572465        -1.25496
        0.534415        -0.91421         0.54939
        -1.20662         2.30155       -0.691187
       -0.866478        -1.07445       -0.907419
       -0.334187       -0.550034       -0.869416
        0.483438        -1.38138         1.19913
         1.03142       -0.365166       -0.905298
        -0.28309        -2.90362      -0.0190692
       -0.997578         1.04762        0.609477
       -0.725355       -0.145782        0.329445
         1.22157        0.677351        0.472027
        -0.18749       -0.700261        -1.59689
       -0.821755        -1.27849        0.315916
        0.355532         0.29681        -0.63432
       -0.881019        0.724676       0.0834832
       -0.504611      -0.0237124        -0.26366
        0.367048         1.15908        0.148989
         1.57248         1.37484         1.19928
        0.266433        0.354065      -0.0127788
       -0.126921         2.11378      -0.0119674
        -1.14552       -0.578948       -0.245475
         1.45606        0.160836        0.560845
       -0.163953        0.872534        -1.61745
      0.00223818        -1.24231       -0.975044
         -1.5047       -0.230153        0.589747
        0.773016         0.13256         0.51023
         2.59128         1.73177         1.84489
         0.84317         -1.1023       -0.401224
        0.402057         0.20413        -1.45954
        0.567692       -0.321681         1.34818
       -0.937746        0.443964        0.221457
        0.409337         2.03815      -0.0524151
        0.729034        0.369567        0.467784
        0.875562       -0.444496        0.386444
         2.15404        0.670897          1.2177
       -0.436247        0.855552       0.0787597
        0.774428        0.394191        -2.13483
       -0.422989       -0.938444        -1.47603
        0.279596       -0.063887        -1.06844
        0.144253        -1.65786        -0.38174
        0.797859        0.643756         1.08162
        0.462071       -0.607296         1.07425
        -2.03503        0.269915         1.57081
        -1.34689        0.509874        -1.05506
        -2.67276        0.165541        -1.57081
       -0.238454         -2.0406         1.34347
        -1.70292       -0.807405        0.823695
        0.221736         0.43026        0.955568
        0.427863         0.61434        -1.85127
        0.999645       -0.994836         1.60476
        -1.83625       -0.649129         1.32677
        0.812214         1.15967         1.47318
         0.03419         2.78584         2.21759
       -0.162575       -0.175946       0.0434399
       -0.382361         1.06227        -1.70051
        0.657583       -0.619367         1.18051
         2.04679       -0.411523         2.19535
        -2.61296        -1.83926       -0.672637
        -1.43682      -0.0219814        0.111554
        0.100868        -1.31478        0.472821
       -0.915752         1.34669        -2.54816
      -0.0257067         1.31347       -0.356453
        0.178759      -0.0735654        0.373449
       -0.787125       -0.901612        0.454753
       0.0554603         1.79494        0.924909
         1.52859        0.124958       -0.721086
      -0.0960486       -0.403638         1.71614
         1.08255         1.60846        -3.77476
       -0.293788       0.0848835       -0.860082
       -0.959836        -1.40315        0.205782
       -0.882198       -0.247884          1.6457
       -0.763354        0.546881         1.33153
       -0.981813        0.800116       -0.233461
       -0.912954       -0.366782          1.1294
        0.210577        0.312847        -1.97766
        0.180935       0.0615514       -0.125237
         1.44456        -1.34193        0.209421
         1.21222       -0.483196       -0.595748
       -0.233599       -0.539066         1.22054
         1.02691         0.65087         1.33487
       -0.841958        0.158543       -0.100053
        0.474751        -1.21397        0.437917
         -1.3251        0.326607        -1.08615
      -0.0163465        -1.37757       -0.116801
         1.01762       -0.376058        0.637979
        0.125519         1.36435       -0.537637
        0.737389        0.644905         -0.1907
        -1.26058        -1.10863         2.44891
       -0.385623       -0.725776        -0.12158
        0.749965         1.78811      -0.0567645
       -0.300149        0.736824        -0.76782
       -0.957776        0.434511       -0.661913
        0.754086        0.253251         1.73707
       -0.612649        0.887069        0.536438
      -0.0654492         1.06967        -1.10056
         1.96489       -0.995402       -0.479735
        0.870274        0.212599        -1.13787
        -1.09051         2.52683        0.462481
         1.34616        -1.71877        -2.56216
        0.214884        -1.56244       -0.206793
        0.274483        0.832983        0.535152
